<?xml version="1.0" encoding="UTF-8"?>
<testng-results ignored="0" total="2" passed="2" failed="0" skipped="0">
  <reporter-output>
  </reporter-output>
  <suite started-at="2022-05-17T18:30:43 PDT" name="Default suite" finished-at="2022-05-17T18:31:12 PDT" duration-ms="28753">
    <groups>
    </groups>
    <test started-at="2022-05-17T18:30:43 PDT" name="Default test" finished-at="2022-05-17T18:31:12 PDT" duration-ms="28753">
      <class name="AmazonPortal.GoogleSearchTest">
        <test-method is-config="true" signature="setUp()[pri:0, instance:AmazonPortal.GoogleSearchTest@18078bef]" started-at="2022-05-17T18:30:38 PDT" name="setUp" finished-at="2022-05-17T18:30:43 PDT" duration-ms="5344" status="PASS">
          <reporter-output>
          </reporter-output>
        </test-method> <!-- setUp -->
        <test-method signature="amazonSearch()[pri:0, instance:AmazonPortal.GoogleSearchTest@18078bef]" started-at="2022-05-17T18:30:43 PDT" name="amazonSearch" finished-at="2022-05-17T18:30:49 PDT" duration-ms="6255" status="PASS">
          <reporter-output>
          </reporter-output>
        </test-method> <!-- amazonSearch -->
        <test-method signature="searchAndSelectProduct()[pri:0, instance:AmazonPortal.GoogleSearchTest@18078bef]" started-at="2022-05-17T18:30:49 PDT" name="searchAndSelectProduct" finished-at="2022-05-17T18:31:12 PDT" duration-ms="22413" status="PASS">
          <reporter-output>
          </reporter-output>
        </test-method> <!-- searchAndSelectProduct -->
        <test-method is-config="true" signature="tearDown()[pri:0, instance:AmazonPortal.GoogleSearchTest@18078bef]" started-at="2022-05-17T18:31:12 PDT" name="tearDown" finished-at="2022-05-17T18:31:12 PDT" duration-ms="1" status="PASS">
          <reporter-output>
          </reporter-output>
        </test-method> <!-- tearDown -->
      </class> <!-- AmazonPortal.GoogleSearchTest -->
    </test> <!-- Default test -->
  </suite> <!-- Default suite -->
</testng-results>
